-------------------------------------------------------------------------------
Test set: com.microservice.service.UserServiceImplTest
-------------------------------------------------------------------------------
Tests run: 7, Failures: 1, Errors: 0, Skipped: 0, Time elapsed: 0.086 s <<< FAILURE! - in com.microservice.service.UserServiceImplTest
testUpdateUser  Time elapsed: 0.011 s  <<< FAILURE!
org.opentest4j.AssertionFailedError: expected: <com.microservice.model.User@6d1310f6> but was: <null>
	at com.microservice.service.UserServiceImplTest.testUpdateUser(UserServiceImplTest.java:71)

